<?xml version="1.0" encoding="UTF-8"?>
<!-- Generated by org.testng.reporters.JUnitReportReporter -->
<testsuite skipped="0" hostname="DESKTOP-HUHARSU" name="com.comcast.contacttest.ContactTest" tests="3" failures="0" timestamp="23 Sep 2021 07:07:17 GMT" time="0.010" errors="0">
  <testcase name="createContatc1Test" time="0.008" classname="com.comcast.contacttest.ContactTest"/>
  <testcase name="createContatc3Test" time="0.001" classname="com.comcast.contacttest.ContactTest"/>
  <testcase name="createContatc2Test" time="0.001" classname="com.comcast.contacttest.ContactTest"/>
</testsuite> <!-- com.comcast.contacttest.ContactTest -->
