<?xml version="1.0" encoding="UTF-8"?>
<!-- Generated by org.testng.reporters.JUnitReportReporter -->
<testsuite skipped="0" hostname="DESKTOP-HUHARSU" name="com.comcast.orgtest.OrgTest" tests="3" failures="0" timestamp="23 Sep 2021 07:11:30 GMT" time="0.009" errors="0">
  <testcase name="createOrg1Test" time="0.007" classname="com.comcast.orgtest.OrgTest"/>
  <testcase name="createOrg3Test" time="0.001" classname="com.comcast.orgtest.OrgTest"/>
  <testcase name="createOrg2Test" time="0.001" classname="com.comcast.orgtest.OrgTest"/>
</testsuite> <!-- com.comcast.orgtest.OrgTest -->
