<?xml version="1.0" encoding="UTF-8"?>
<!-- Generated by org.testng.reporters.JUnitReportReporter -->
<testsuite skipped="0" hostname="DESKTOP-HUHARSU" name="com.comcast.contacttest.ContactTest" tests="3" failures="0" timestamp="2021-09-22T02:56:35 PDT" time="0.004" errors="0">
  <testcase name="createContatc3Test" time="0.000" classname="com.comcast.contacttest.ContactTest"/>
  <system-out/>
  <testcase name="createContatc1Test" time="0.004" classname="com.comcast.contacttest.ContactTest"/>
  <system-out/>
  <testcase name="createContatc2Test" time="0.000" classname="com.comcast.contacttest.ContactTest"/>
  <system-out/>
</testsuite> <!-- com.comcast.contacttest.ContactTest -->
