<?xml version="1.0" encoding="UTF-8"?>
<!-- Generated by org.testng.reporters.JUnitReportReporter -->
<testsuite hostname="DESKTOP-HUHARSU" failures="0" tests="3" name="com.comcast.contacttest.ContactTest" time="0.009" errors="0" timestamp="2021-09-21T04:51:35 GMT-07:00" skipped="0">
  <testcase classname="com.comcast.contacttest.ContactTest" name="createContatc2Test" time="0.000"/>
  <system-out/>
  <testcase classname="com.comcast.contacttest.ContactTest" name="createContatc3Test" time="0.000"/>
  <system-out/>
  <testcase classname="com.comcast.contacttest.ContactTest" name="createContatc1Test" time="0.009"/>
  <system-out/>
</testsuite> <!-- com.comcast.contacttest.ContactTest -->
